# JRE version: Java(TM) SE Runtime Environment (8.0_144-b01) (build 1.8.0_144-b01)
# Java VM: Java HotSpot(TM) 64-Bit Server VM (25.144-b01 mixed mode windows-amd64 compressed oops)
Heap:
 PSYoungGen      total 141824K, used 84090K [0x000000076af00000, 0x0000000774400000, 0x00000007c0000000)
  eden space 131072K, 64% used [0x000000076af00000,0x000000077011eae0,0x0000000772f00000)
  from space 10752K, 0% used [0x0000000772f00000,0x0000000772f00000,0x0000000773980000)
  to   space 10752K, 0% used [0x0000000773980000,0x0000000773980000,0x0000000774400000)
 ParOldGen       total 125952K, used 15501K [0x00000006c0c00000, 0x00000006c8700000, 0x000000076af00000)
  object space 125952K, 12% used [0x00000006c0c00000,0x00000006c1b235d0,0x00000006c8700000)
 Metaspace       used 42309K, capacity 43568K, committed 43688K, reserved 1087488K
  class space    used 5745K, capacity 6034K, committed 6056K, reserved 1048576K
GC Heap History (10 events):
Event: 2.162 GC heap before
{Heap before GC invocations=3 (full 0):
 PSYoungGen      total 141824K, used 15932K [0x000000076af00000, 0x0000000774400000, 0x00000007c0000000)
  eden space 131072K, 4% used [0x000000076af00000,0x000000076b474ff8,0x0000000772f00000)
  from space 10752K, 96% used [0x0000000773980000,0x000000077439a320,0x0000000774400000)
  to   space 10752K, 0% used [0x0000000772f00000,0x0000000772f00000,0x0000000773980000)
 ParOldGen       total 175104K, used 24K [0x00000006c0c00000, 0x00000006cb700000, 0x000000076af00000)
  object space 175104K, 0% used [0x00000006c0c00000,0x00000006c0c06000,0x00000006cb700000)
 Metaspace       used 20724K, capacity 21244K, committed 21296K, reserved 1067008K
  class space    used 2666K, capacity 2830K, committed 2864K, reserved 1048576K
Event: 2.170 GC heap after
Heap after GC invocations=3 (full 0):
 PSYoungGen      total 141824K, used 5541K [0x000000076af00000, 0x0000000774400000, 0x00000007c0000000)
  eden space 131072K, 0% used [0x000000076af00000,0x000000076af00000,0x0000000772f00000)
  from space 10752K, 51% used [0x0000000772f00000,0x0000000773469650,0x0000000773980000)
  to   space 10752K, 0% used [0x0000000773980000,0x0000000773980000,0x0000000774400000)
 ParOldGen       total 175104K, used 32K [0x00000006c0c00000, 0x00000006cb700000, 0x000000076af00000)
  object space 175104K, 0% used [0x00000006c0c00000,0x00000006c0c08000,0x00000006cb700000)
 Metaspace       used 20724K, capacity 21244K, committed 21296K, reserved 1067008K
  class space    used 2666K, capacity 2830K, committed 2864K, reserved 1048576K
}
Event: 2.170 GC heap before
{Heap before GC invocations=4 (full 1):
 PSYoungGen      total 141824K, used 5541K [0x000000076af00000, 0x0000000774400000, 0x00000007c0000000)
  eden space 131072K, 0% used [0x000000076af00000,0x000000076af00000,0x0000000772f00000)
  from space 10752K, 51% used [0x0000000772f00000,0x0000000773469650,0x0000000773980000)
  to   space 10752K, 0% used [0x0000000773980000,0x0000000773980000,0x0000000774400000)
 ParOldGen       total 175104K, used 32K [0x00000006c0c00000, 0x00000006cb700000, 0x000000076af00000)
  object space 175104K, 0% used [0x00000006c0c00000,0x00000006c0c08000,0x00000006cb700000)
 Metaspace       used 20724K, capacity 21244K, committed 21296K, reserved 1067008K
  class space    used 2666K, capacity 2830K, committed 2864K, reserved 1048576K
Event: 2.205 GC heap after
Heap after GC invocations=4 (full 1):
 PSYoungGen      total 141824K, used 0K [0x000000076af00000, 0x0000000774400000, 0x00000007c0000000)
  eden space 131072K, 0% used [0x000000076af00000,0x000000076af00000,0x0000000772f00000)
  from space 10752K, 0% used [0x0000000772f00000,0x0000000772f00000,0x0000000773980000)
  to   space 10752K, 0% used [0x0000000773980000,0x0000000773980000,0x0000000774400000)
 ParOldGen       total 84480K, used 5401K [0x00000006c0c00000, 0x00000006c5e80000, 0x000000076af00000)
  object space 84480K, 6% used [0x00000006c0c00000,0x00000006c1146778,0x00000006c5e80000)
 Metaspace       used 20724K, capacity 21244K, committed 21296K, reserved 1067008K
  class space    used 2666K, capacity 2830K, committed 2864K, reserved 1048576K
}
Event: 3.377 GC heap before
{Heap before GC invocations=5 (full 1):
 PSYoungGen      total 141824K, used 131072K [0x000000076af00000, 0x0000000774400000, 0x00000007c0000000)
  eden space 131072K, 100% used [0x000000076af00000,0x0000000772f00000,0x0000000772f00000)
  from space 10752K, 0% used [0x0000000772f00000,0x0000000772f00000,0x0000000773980000)
  to   space 10752K, 0% used [0x0000000773980000,0x0000000773980000,0x0000000774400000)
 ParOldGen       total 84480K, used 5401K [0x00000006c0c00000, 0x00000006c5e80000, 0x000000076af00000)
  object space 84480K, 6% used [0x00000006c0c00000,0x00000006c1146778,0x00000006c5e80000)
 Metaspace       used 28360K, capacity 29338K, committed 29616K, reserved 1075200K
  class space    used 3699K, capacity 3943K, committed 4016K, reserved 1048576K
Event: 3.386 GC heap after
Heap after GC invocations=5 (full 1):
 PSYoungGen      total 141824K, used 10728K [0x000000076af00000, 0x0000000774400000, 0x00000007c0000000)
  eden space 131072K, 0% used [0x000000076af00000,0x000000076af00000,0x0000000772f00000)
  from space 10752K, 99% used [0x0000000773980000,0x00000007743fa260,0x0000000774400000)
  to   space 10752K, 0% used [0x0000000772f00000,0x0000000772f00000,0x0000000773980000)
 ParOldGen       total 84480K, used 5608K [0x00000006c0c00000, 0x00000006c5e80000, 0x000000076af00000)
  object space 84480K, 6% used [0x00000006c0c00000,0x00000006c117a098,0x00000006c5e80000)
 Metaspace       used 28360K, capacity 29338K, committed 29616K, reserved 1075200K
  class space    used 3699K, capacity 3943K, committed 4016K, reserved 1048576K
}
Event: 4.642 GC heap before
{Heap before GC invocations=6 (full 1):
 PSYoungGen      total 141824K, used 97221K [0x000000076af00000, 0x0000000774400000, 0x00000007c0000000)
  eden space 131072K, 65% used [0x000000076af00000,0x0000000770377468,0x0000000772f00000)
  from space 10752K, 99% used [0x0000000773980000,0x00000007743fa260,0x0000000774400000)
  to   space 10752K, 0% used [0x0000000772f00000,0x0000000772f00000,0x0000000773980000)
 ParOldGen       total 84480K, used 5608K [0x00000006c0c00000, 0x00000006c5e80000, 0x000000076af00000)
  object space 84480K, 6% used [0x00000006c0c00000,0x00000006c117a098,0x00000006c5e80000)
 Metaspace       used 34145K, capacity 35354K, committed 35496K, reserved 1079296K
  class space    used 4377K, capacity 4669K, committed 4776K, reserved 1048576K
Event: 4.655 GC heap after
Heap after GC invocations=6 (full 1):
 PSYoungGen      total 141824K, used 10724K [0x000000076af00000, 0x0000000774400000, 0x00000007c0000000)
  eden space 131072K, 0% used [0x000000076af00000,0x000000076af00000,0x0000000772f00000)
  from space 10752K, 99% used [0x0000000772f00000,0x00000007739793d0,0x0000000773980000)
  to   space 10752K, 0% used [0x0000000773980000,0x0000000773980000,0x0000000774400000)
 ParOldGen       total 84480K, used 6030K [0x00000006c0c00000, 0x00000006c5e80000, 0x000000076af00000)
  object space 84480K, 7% used [0x00000006c0c00000,0x00000006c11e3af0,0x00000006c5e80000)
 Metaspace       used 34145K, capacity 35354K, committed 35496K, reserved 1079296K
  class space    used 4377K, capacity 4669K, committed 4776K, reserved 1048576K
}
Event: 4.655 GC heap before
{Heap before GC invocations=7 (full 2):
 PSYoungGen      total 141824K, used 10724K [0x000000076af00000, 0x0000000774400000, 0x00000007c0000000)
  eden space 131072K, 0% used [0x000000076af00000,0x000000076af00000,0x0000000772f00000)
  from space 10752K, 99% used [0x0000000772f00000,0x00000007739793d0,0x0000000773980000)
  to   space 10752K, 0% used [0x0000000773980000,0x0000000773980000,0x0000000774400000)
 ParOldGen       total 84480K, used 6030K [0x00000006c0c00000, 0x00000006c5e80000, 0x000000076af00000)
  object space 84480K, 7% used [0x00000006c0c00000,0x00000006c11e3af0,0x00000006c5e80000)
 Metaspace       used 34145K, capacity 35354K, committed 35496K, reserved 1079296K
  class space    used 4377K, capacity 4669K, committed 4776K, reserved 1048576K
Event: 4.741 GC heap after
Heap after GC invocations=7 (full 2):
 PSYoungGen      total 141824K, used 0K [0x000000076af00000, 0x0000000774400000, 0x00000007c0000000)
  eden space 131072K, 0% used [0x000000076af00000,0x000000076af00000,0x0000000772f00000)
  from space 10752K, 0% used [0x0000000772f00000,0x0000000772f00000,0x0000000773980000)
  to   space 10752K, 0% used [0x0000000773980000,0x0000000773980000,0x0000000774400000)
 ParOldGen       total 125952K, used 15501K [0x00000006c0c00000, 0x00000006c8700000, 0x000000076af00000)
  object space 125952K, 12% used [0x00000006c0c00000,0x00000006c1b235d0,0x00000006c8700000)
 Metaspace       used 34145K, capacity 35354K, committed 35496K, reserved 1079296K
  class space    used 4377K, capacity 4669K, committed 4776K, reserved 1048576K
}

