# JRE version: Java(TM) SE Runtime Environment (8.0_144-b01) (build 1.8.0_144-b01)
# Java VM: Java HotSpot(TM) 64-Bit Server VM (25.144-b01 mixed mode windows-amd64 compressed oops)
Heap:
 PSYoungGen      total 278016K, used 76276K [0x000000076af00000, 0x000000077f200000, 0x00000007c0000000)
  eden space 259072K, 22% used [0x000000076af00000,0x000000076e6ffa80,0x000000077ac00000)
  from space 18944K, 99% used [0x000000077ac00000,0x000000077be7d948,0x000000077be80000)
  to   space 20992K, 0% used [0x000000077dd80000,0x000000077dd80000,0x000000077f200000)
 ParOldGen       total 124416K, used 22814K [0x00000006c0c00000, 0x00000006c8580000, 0x000000076af00000)
  object space 124416K, 18% used [0x00000006c0c00000,0x00000006c2247bf8,0x00000006c8580000)
 Metaspace       used 30919K, capacity 31880K, committed 32128K, reserved 1077248K
  class space    used 3577K, capacity 3887K, committed 3968K, reserved 1048576K
GC Heap History (10 events):
Event: 5.956 GC heap before
{Heap before GC invocations=4 (full 0):
 PSYoungGen      total 76288K, used 76272K [0x000000076af00000, 0x0000000774400000, 0x00000007c0000000)
  eden space 65536K, 100% used [0x000000076af00000,0x000000076ef00000,0x000000076ef00000)
  from space 10752K, 99% used [0x000000076ef00000,0x000000076f97c030,0x000000076f980000)
  to   space 10752K, 0% used [0x0000000773980000,0x0000000773980000,0x0000000774400000)
 ParOldGen       total 175104K, used 8651K [0x00000006c0c00000, 0x00000006cb700000, 0x000000076af00000)
  object space 175104K, 4% used [0x00000006c0c00000,0x00000006c1472e58,0x00000006cb700000)
 Metaspace       used 19178K, capacity 19590K, committed 19840K, reserved 1067008K
  class space    used 2259K, capacity 2427K, committed 2432K, reserved 1048576K
Event: 5.977 GC heap after
Heap after GC invocations=4 (full 0):
 PSYoungGen      total 141824K, used 10736K [0x000000076af00000, 0x0000000774400000, 0x00000007c0000000)
  eden space 131072K, 0% used [0x000000076af00000,0x000000076af00000,0x0000000772f00000)
  from space 10752K, 99% used [0x0000000773980000,0x00000007743fc030,0x0000000774400000)
  to   space 10752K, 0% used [0x0000000772f00000,0x0000000772f00000,0x0000000773980000)
 ParOldGen       total 175104K, used 13974K [0x00000006c0c00000, 0x00000006cb700000, 0x000000076af00000)
  object space 175104K, 7% used [0x00000006c0c00000,0x00000006c19a59c0,0x00000006cb700000)
 Metaspace       used 19178K, capacity 19590K, committed 19840K, reserved 1067008K
  class space    used 2259K, capacity 2427K, committed 2432K, reserved 1048576K
}
Event: 6.879 GC heap before
{Heap before GC invocations=5 (full 0):
 PSYoungGen      total 141824K, used 44592K [0x000000076af00000, 0x0000000774400000, 0x00000007c0000000)
  eden space 131072K, 25% used [0x000000076af00000,0x000000076d010260,0x0000000772f00000)
  from space 10752K, 99% used [0x0000000773980000,0x00000007743fc030,0x0000000774400000)
  to   space 10752K, 0% used [0x0000000772f00000,0x0000000772f00000,0x0000000773980000)
 ParOldGen       total 175104K, used 13974K [0x00000006c0c00000, 0x00000006cb700000, 0x000000076af00000)
  object space 175104K, 7% used [0x00000006c0c00000,0x00000006c19a59c0,0x00000006cb700000)
 Metaspace       used 20582K, capacity 21124K, committed 21296K, reserved 1069056K
  class space    used 2397K, capacity 2580K, committed 2688K, reserved 1048576K
Event: 6.908 GC heap after
Heap after GC invocations=5 (full 0):
 PSYoungGen      total 141824K, used 10720K [0x000000076af00000, 0x000000077d400000, 0x00000007c0000000)
  eden space 131072K, 0% used [0x000000076af00000,0x000000076af00000,0x0000000772f00000)
  from space 10752K, 99% used [0x0000000772f00000,0x0000000773978040,0x0000000773980000)
  to   space 18944K, 0% used [0x000000077c180000,0x000000077c180000,0x000000077d400000)
 ParOldGen       total 175104K, used 16600K [0x00000006c0c00000, 0x00000006cb700000, 0x000000076af00000)
  object space 175104K, 9% used [0x00000006c0c00000,0x00000006c1c36300,0x00000006cb700000)
 Metaspace       used 20582K, capacity 21124K, committed 21296K, reserved 1069056K
  class space    used 2397K, capacity 2580K, committed 2688K, reserved 1048576K
}
Event: 6.908 GC heap before
{Heap before GC invocations=6 (full 1):
 PSYoungGen      total 141824K, used 10720K [0x000000076af00000, 0x000000077d400000, 0x00000007c0000000)
  eden space 131072K, 0% used [0x000000076af00000,0x000000076af00000,0x0000000772f00000)
  from space 10752K, 99% used [0x0000000772f00000,0x0000000773978040,0x0000000773980000)
  to   space 18944K, 0% used [0x000000077c180000,0x000000077c180000,0x000000077d400000)
 ParOldGen       total 175104K, used 16600K [0x00000006c0c00000, 0x00000006cb700000, 0x000000076af00000)
  object space 175104K, 9% used [0x00000006c0c00000,0x00000006c1c36300,0x00000006cb700000)
 Metaspace       used 20582K, capacity 21124K, committed 21296K, reserved 1069056K
  class space    used 2397K, capacity 2580K, committed 2688K, reserved 1048576K
Event: 7.020 GC heap after
Heap after GC invocations=6 (full 1):
 PSYoungGen      total 141824K, used 0K [0x000000076af00000, 0x000000077d400000, 0x00000007c0000000)
  eden space 131072K, 0% used [0x000000076af00000,0x000000076af00000,0x0000000772f00000)
  from space 10752K, 0% used [0x0000000772f00000,0x0000000772f00000,0x0000000773980000)
  to   space 18944K, 0% used [0x000000077c180000,0x000000077c180000,0x000000077d400000)
 ParOldGen       total 124416K, used 22513K [0x00000006c0c00000, 0x00000006c8580000, 0x000000076af00000)
  object space 124416K, 18% used [0x00000006c0c00000,0x00000006c21fc590,0x00000006c8580000)
 Metaspace       used 20582K, capacity 21124K, committed 21296K, reserved 1069056K
  class space    used 2397K, capacity 2580K, committed 2688K, reserved 1048576K
}
Event: 11.469 GC heap before
{Heap before GC invocations=7 (full 1):
 PSYoungGen      total 141824K, used 131072K [0x000000076af00000, 0x000000077d400000, 0x00000007c0000000)
  eden space 131072K, 100% used [0x000000076af00000,0x0000000772f00000,0x0000000772f00000)
  from space 10752K, 0% used [0x0000000772f00000,0x0000000772f00000,0x0000000773980000)
  to   space 18944K, 0% used [0x000000077c180000,0x000000077c180000,0x000000077d400000)
 ParOldGen       total 124416K, used 22513K [0x00000006c0c00000, 0x00000006c8580000, 0x000000076af00000)
  object space 124416K, 18% used [0x00000006c0c00000,0x00000006c21fc590,0x00000006c8580000)
 Metaspace       used 26412K, capacity 27168K, committed 27264K, reserved 1073152K
  class space    used 3114K, capacity 3402K, committed 3456K, reserved 1048576K
Event: 11.484 GC heap after
Heap after GC invocations=7 (full 1):
 PSYoungGen      total 214016K, used 15683K [0x000000076af00000, 0x000000077d100000, 0x00000007c0000000)
  eden space 198144K, 0% used [0x000000076af00000,0x000000076af00000,0x0000000777080000)
  from space 15872K, 98% used [0x000000077c180000,0x000000077d0d0e88,0x000000077d100000)
  to   space 18944K, 0% used [0x000000077ac00000,0x000000077ac00000,0x000000077be80000)
 ParOldGen       total 124416K, used 22521K [0x00000006c0c00000, 0x00000006c8580000, 0x000000076af00000)
  object space 124416K, 18% used [0x00000006c0c00000,0x00000006c21fe590,0x00000006c8580000)
 Metaspace       used 26412K, capacity 27168K, committed 27264K, reserved 1073152K
  class space    used 3114K, capacity 3402K, committed 3456K, reserved 1048576K
}
Event: 15.635 GC heap before
{Heap before GC invocations=8 (full 1):
 PSYoungGen      total 214016K, used 213827K [0x000000076af00000, 0x000000077d100000, 0x00000007c0000000)
  eden space 198144K, 100% used [0x000000076af00000,0x0000000777080000,0x0000000777080000)
  from space 15872K, 98% used [0x000000077c180000,0x000000077d0d0e88,0x000000077d100000)
  to   space 18944K, 0% used [0x000000077ac00000,0x000000077ac00000,0x000000077be80000)
 ParOldGen       total 124416K, used 22521K [0x00000006c0c00000, 0x00000006c8580000, 0x000000076af00000)
  object space 124416K, 18% used [0x00000006c0c00000,0x00000006c21fe590,0x00000006c8580000)
 Metaspace       used 30007K, capacity 30888K, committed 30976K, reserved 1077248K
  class space    used 3488K, capacity 3791K, committed 3840K, reserved 1048576K
Event: 15.653 GC heap after
Heap after GC invocations=8 (full 1):
 PSYoungGen      total 278016K, used 18934K [0x000000076af00000, 0x000000077f200000, 0x00000007c0000000)
  eden space 259072K, 0% used [0x000000076af00000,0x000000076af00000,0x000000077ac00000)
  from space 18944K, 99% used [0x000000077ac00000,0x000000077be7d948,0x000000077be80000)
  to   space 20992K, 0% used [0x000000077dd80000,0x000000077dd80000,0x000000077f200000)
 ParOldGen       total 124416K, used 22814K [0x00000006c0c00000, 0x00000006c8580000, 0x000000076af00000)
  object space 124416K, 18% used [0x00000006c0c00000,0x00000006c2247bf8,0x00000006c8580000)
 Metaspace       used 30007K, capacity 30888K, committed 30976K, reserved 1077248K
  class space    used 3488K, capacity 3791K, committed 3840K, reserved 1048576K
}

